\\BOURNEMOUTH.AC.UK\DATA\STUDENT\HOME\DEC\I7675907\VISUAL STUDIO 2010\PROJECTS\ALLEGRO - COPY55\ALLEGRO\DEBUG\ALLEGRO.EXE.INTERMEDIATE.MANIFEST
\\bournemouth.ac.uk\data\Student\Home\DEC\i7675907\Visual Studio 2010\Projects\allegro - Copy55\allegro\Debug\allegro.vcxprojResolveAssemblyReference.cache
\\bournemouth.ac.uk\data\Student\Home\DEC\i7675907\Visual Studio 2010\Projects\allegro - Copy55\allegro\Debug\allegro.write.1.tlog
\\bournemouth.ac.uk\data\Student\Home\DEC\i7675907\Visual Studio 2010\Projects\allegro - Copy55\allegro\Debug\cl.command.1.tlog
\\bournemouth.ac.uk\data\Student\Home\DEC\i7675907\Visual Studio 2010\Projects\allegro - Copy55\allegro\Debug\CL.read.1.tlog
\\bournemouth.ac.uk\data\Student\Home\DEC\i7675907\Visual Studio 2010\Projects\allegro - Copy55\allegro\Debug\CL.write.1.tlog
\\BOURNEMOUTH.AC.UK\DATA\STUDENT\HOME\DEC\I7675907\VISUAL STUDIO 2010\PROJECTS\ALLEGRO - COPY55\ALLEGRO\DEBUG\ENEMY.OBJ
\\BOURNEMOUTH.AC.UK\DATA\STUDENT\HOME\DEC\I7675907\VISUAL STUDIO 2010\PROJECTS\ALLEGRO - COPY55\ALLEGRO\DEBUG\FILELOADER.OBJ
\\BOURNEMOUTH.AC.UK\DATA\STUDENT\HOME\DEC\I7675907\VISUAL STUDIO 2010\PROJECTS\ALLEGRO - COPY55\ALLEGRO\DEBUG\FIRST.OBJ
\\BOURNEMOUTH.AC.UK\DATA\STUDENT\HOME\DEC\I7675907\VISUAL STUDIO 2010\PROJECTS\ALLEGRO - COPY55\ALLEGRO\DEBUG\GOALITEM.OBJ
\\bournemouth.ac.uk\data\Student\Home\DEC\i7675907\Visual Studio 2010\Projects\allegro - Copy55\allegro\Debug\link.command.1.tlog
\\bournemouth.ac.uk\data\Student\Home\DEC\i7675907\Visual Studio 2010\Projects\allegro - Copy55\allegro\Debug\link.read.1.tlog
\\bournemouth.ac.uk\data\Student\Home\DEC\i7675907\Visual Studio 2010\Projects\allegro - Copy55\allegro\Debug\link.write.1.tlog
\\BOURNEMOUTH.AC.UK\DATA\STUDENT\HOME\DEC\I7675907\VISUAL STUDIO 2010\PROJECTS\ALLEGRO - COPY55\ALLEGRO\DEBUG\MAP.OBJ
\\BOURNEMOUTH.AC.UK\DATA\STUDENT\HOME\DEC\I7675907\VISUAL STUDIO 2010\PROJECTS\ALLEGRO - COPY55\ALLEGRO\DEBUG\MENU.OBJ
\\bournemouth.ac.uk\data\Student\Home\DEC\i7675907\Visual Studio 2010\Projects\allegro - Copy55\allegro\Debug\mt.command.1.tlog
\\bournemouth.ac.uk\data\Student\Home\DEC\i7675907\Visual Studio 2010\Projects\allegro - Copy55\allegro\Debug\mt.read.1.tlog
\\bournemouth.ac.uk\data\Student\Home\DEC\i7675907\Visual Studio 2010\Projects\allegro - Copy55\allegro\Debug\mt.write.1.tlog
\\BOURNEMOUTH.AC.UK\DATA\STUDENT\HOME\DEC\I7675907\VISUAL STUDIO 2010\PROJECTS\ALLEGRO - COPY55\ALLEGRO\DEBUG\PAWN.OBJ
\\bournemouth.ac.uk\data\Student\Home\DEC\i7675907\Visual Studio 2010\Projects\allegro - Copy55\allegro\Debug\rc.command.1.tlog
\\bournemouth.ac.uk\data\Student\Home\DEC\i7675907\Visual Studio 2010\Projects\allegro - Copy55\allegro\Debug\rc.read.1.tlog
\\bournemouth.ac.uk\data\Student\Home\DEC\i7675907\Visual Studio 2010\Projects\allegro - Copy55\allegro\Debug\rc.write.1.tlog
\\BOURNEMOUTH.AC.UK\DATA\STUDENT\HOME\DEC\I7675907\VISUAL STUDIO 2010\PROJECTS\ALLEGRO - COPY55\ALLEGRO\DEBUG\SHURIKEN.OBJ
\\bournemouth.ac.uk\data\Student\Home\DEC\i7675907\Visual Studio 2010\Projects\allegro - Copy55\allegro\Debug\vc100.idb
\\BOURNEMOUTH.AC.UK\DATA\STUDENT\HOME\DEC\I7675907\VISUAL STUDIO 2010\PROJECTS\ALLEGRO - COPY55\ALLEGRO\DEBUG\VC100.PDB
\\BOURNEMOUTH.AC.UK\DATA\STUDENT\HOME\DEC\I7675907\VISUAL STUDIO 2010\PROJECTS\ALLEGRO - COPY55\ALLEGRO\DEBUG\WALL.OBJ
\\BOURNEMOUTH.AC.UK\DATA\STUDENT\HOME\DEC\I7675907\VISUAL STUDIO 2010\PROJECTS\ALLEGRO - COPY55\DEBUG\ALLEGRO.EXE
\\BOURNEMOUTH.AC.UK\DATA\STUDENT\HOME\DEC\I7675907\VISUAL STUDIO 2010\PROJECTS\ALLEGRO - COPY55\DEBUG\ALLEGRO.ILK
\\BOURNEMOUTH.AC.UK\DATA\STUDENT\HOME\DEC\I7675907\VISUAL STUDIO 2010\PROJECTS\ALLEGRO - COPY55\DEBUG\ALLEGRO.PDB
H:\VISUAL STUDIO 2010\PROJECTS\ALLEGRO - COPY55\ALLEGRO\DEBUG\ALLEGRO.EXE.INTERMEDIATE.MANIFEST
H:\VISUAL STUDIO 2010\PROJECTS\ALLEGRO - COPY55\ALLEGRO\DEBUG\ENEMY.OBJ
H:\VISUAL STUDIO 2010\PROJECTS\ALLEGRO - COPY55\ALLEGRO\DEBUG\FILELOADER.OBJ
H:\VISUAL STUDIO 2010\PROJECTS\ALLEGRO - COPY55\ALLEGRO\DEBUG\FIRST.OBJ
H:\VISUAL STUDIO 2010\PROJECTS\ALLEGRO - COPY55\ALLEGRO\DEBUG\MAP.OBJ
H:\VISUAL STUDIO 2010\PROJECTS\ALLEGRO - COPY55\ALLEGRO\DEBUG\MENU.OBJ
H:\VISUAL STUDIO 2010\PROJECTS\ALLEGRO - COPY55\ALLEGRO\DEBUG\PAWN.OBJ
H:\VISUAL STUDIO 2010\PROJECTS\ALLEGRO - COPY55\ALLEGRO\DEBUG\SHURIKEN.OBJ
H:\VISUAL STUDIO 2010\PROJECTS\ALLEGRO - COPY55\ALLEGRO\DEBUG\VC100.PDB
H:\VISUAL STUDIO 2010\PROJECTS\ALLEGRO - COPY55\ALLEGRO\DEBUG\WALL.OBJ
H:\VISUAL STUDIO 2010\PROJECTS\ALLEGRO - COPY55\DEBUG\ALLEGRO.EXE
H:\VISUAL STUDIO 2010\PROJECTS\ALLEGRO - COPY55\DEBUG\ALLEGRO.ILK
H:\VISUAL STUDIO 2010\PROJECTS\ALLEGRO - COPY55\DEBUG\ALLEGRO.PDB
